# Log format : date_timestamp/type_of_detection
2021-07-08_16:53:43/test
2021-07-08_17:12:17/Mouvement_detecte
2021-07-08_17:12:20/Mouvement_termine_3.226s
2021-07-08_17:12:24/Mouvement_detecte
2021-07-08_17:12:27/Mouvement_termine_3.235s
2021-07-08_17:22:39/Son_detecte
2021-07-08_17:22:47/Son_termine_8.684s
2021-07-08_17:23:37/Son_detecte
2021-07-08_17:23:47/Son_termine_9.564s
2021-07-08_17:30:17/Son_detecte
2021-07-09_09:34:43/Son_detecte
2021-07-09_09:35:13/Mouvement_detecte
2021-07-09_09:35:30/Mouvement_termine_17.085s
2021-07-09_09:36:05/Son_termine_52.05s
2021-07-09_09:37:07/Mouvement_detecte
2021-07-09_09:37:30/Mouvement_termine_23.135s
2021-07-09_09:38:43/Son_detecte
2021-07-09_09:38:45/Son_termine_2.162s
2021-07-09_09:43:25/Mouvement_detecte
2021-07-09_09:44:08/Mouvement_termine_42.216s
2021-07-09_09:46:43/Son_detecte
