# Format log : date_timestamp/type_of_detection
2021-07-13_11:47:14/Mouvement_detecte
2021-07-13_11:47:24/Mouvement_termine_10.257s
2021-07-13_11:47:27/Son_detecte
2021-07-13_11:47:37/Son_termine_10.004s
2021-07-13_11:47:40/Son_detecte
2021-07-13_11:47:45/Mouvement_detecte
2021-07-13_11:47:50/Son_termine_10.047s
2021-07-13_11:47:55/Mouvement_termine_9.969s
2021-07-13_11:48:14/Mouvement_detecte
2021-07-13_11:48:24/Mouvement_termine_10.254s
2021-07-13_11:48:27/Son_detecte
2021-07-13_11:48:37/Son_termine_10.004s
2021-07-13_11:48:40/Son_detecte
2021-07-13_11:48:45/Mouvement_detecte
2021-07-13_11:48:50/Son_termine_10.047s
2021-07-13_11:48:55/Mouvement_termine_9.919s
2021-07-13_11:49:14/Mouvement_detecte
2021-07-13_11:49:24/Mouvement_termine_10.125s
2021-07-13_11:49:27/Son_detecte
2021-07-13_11:49:37/Son_termine_10.044s
2021-07-13_11:49:40/Son_detecte
2021-07-13_11:49:45/Mouvement_detecte
2021-07-13_11:49:50/Son_termine_10.007s
2021-07-13_11:49:55/Mouvement_termine_10.018s
2021-07-13_11:59:15/Son_detecte
2021-07-13_11:59:17/Son_termine_2.162s
2021-07-13_11:59:19/Son_detecte
2021-07-13_11:59:21/Son_termine_2.163s
2021-07-13_11:59:24/Son_detecte
2021-07-13_11:59:26/Son_termine_2.162s
2021-07-13_12:08:12/Mouvement_detecte
2021-07-13_12:08:22/Mouvement_termine_10.177s
2021-07-13_12:08:25/Son_detecte
2021-07-13_12:08:35/Son_termine_10.004s
2021-07-13_12:08:38/Son_detecte
2021-07-13_12:08:43/Mouvement_detecte
2021-07-13_12:08:48/Son_termine_10.047s
2021-07-13_12:08:53/Mouvement_termine_9.929s
2021-07-13_12:11:24/Son_detecte
2021-07-13_12:11:26/Son_termine_2.202s
2021-07-13_12:11:29/Son_detecte
2021-07-13_12:11:31/Son_termine_2.202s
2021-07-13_12:20:42/Son_detecte
2021-07-13_12:20:44/Mouvement_detecte
2021-07-13_12:20:53/Mouvement_termine_9.103s
2021-07-13_12:21:06/Son_termine_23.976s
2021-07-13_12:21:09/Son_detecte
2021-07-13_12:21:15/Mouvement_detecte
2021-07-13_12:21:19/Son_termine_10.047s
2021-07-13_12:21:24/Mouvement_termine_9.451s
2021-07-13_12:23:15/Son_detecte
2021-07-13_12:23:25/Son_detecte
2021-07-13_12:29:41/Son_detecte
2021-07-13_12:34:17/Mouvement_detecte
2021-07-13_12:34:27/Mouvement_termine_10.153s
2021-07-13_12:34:30/Son_detecte
2021-07-13_12:34:40/Son_termine_10.004s
2021-07-13_12:34:43/Son_detecte
2021-07-13_12:34:48/Mouvement_detecte
2021-07-13_12:34:53/Son_termine_10.047s
2021-07-13_12:34:58/Mouvement_termine_10.076s
2021-07-13_12:36:32/Son_detecte
2021-07-13_12:36:34/Son_termine_2.162s
2021-07-13_12:41:32/Son_detecte
2021-07-13_12:41:34/Son_termine_2.323s
2021-07-13_12:48:32/Son_detecte
2021-07-13_12:48:34/Son_termine_2.243s
2021-07-13_12:52:09/Mouvement_detecte
2021-07-13_12:52:19/Mouvement_termine_10.275s
2021-07-13_13:16:18/Mouvement_detecte
2021-07-13_13:16:29/Mouvement_termine_10.231s
2021-07-13_13:16:31/Son_detecte
2021-07-13_13:16:41/Son_termine_10.044s
2021-07-13_13:16:44/Son_detecte
2021-07-13_13:16:49/Mouvement_detecte
2021-07-13_13:16:54/Son_termine_10.047s
2021-07-13_13:16:59/Mouvement_termine_10.078s
2021-07-13_13:18:38/Mouvement_detecte
2021-07-13_13:18:48/Mouvement_termine_10.131s
2021-07-13_13:18:51/Son_detecte
2021-07-13_13:19:01/Son_termine_10.004s
2021-07-13_13:19:04/Son_detecte
2021-07-13_13:19:09/Mouvement_detecte
2021-07-13_13:19:14/Son_termine_10.007s
2021-07-13_13:19:19/Mouvement_termine_10.092s
2021-07-13_13:22:15/Son_detecte
2021-07-13_13:22:17/Son_termine_2.202s
2021-07-13_13:22:38/Son_detecte
2021-07-13_13:22:40/Son_termine_2.202s
2021-07-13_13:22:51/Son_detecte
2021-07-13_13:22:53/Son_termine_2.243s
2021-07-13_13:23:21/Son_detecte
2021-07-13_13:23:23/Son_termine_2.283s
2021-07-13_13:23:29/Son_detecte
2021-07-13_13:23:31/Son_termine_2.162s
2021-07-13_13:23:33/Son_detecte
2021-07-13_13:23:35/Son_termine_2.163s
2021-07-13_13:24:31/Son_detecte
2021-07-13_13:24:33/Son_termine_2.243s
